<?xml version="1.0" encoding="UTF-8"?>
<testng-results ignored="0" total="1" passed="1" failed="0" skipped="0">
  <reporter-output>
  </reporter-output>
  <suite started-at="2026-05-24T11:21:05 IST" name="Default suite" finished-at="2026-05-24T11:21:17 IST" duration-ms="12187">
    <groups>
    </groups>
    <test started-at="2026-05-24T11:21:05 IST" name="Default test" finished-at="2026-05-24T11:21:17 IST" duration-ms="12187">
      <class name="testcases.FirstTestcase">
        <test-method is-config="true" signature="setUp()[pri:0, instance:testcases.FirstTestcase@433defed]" started-at="2026-05-24T11:21:05 IST" name="setUp" finished-at="2026-05-24T11:21:10 IST" duration-ms="5305" status="PASS">
          <reporter-output>
          </reporter-output>
        </test-method> <!-- setUp -->
        <test-method signature="f()[pri:0, instance:testcases.FirstTestcase@433defed]" started-at="2026-05-24T11:21:11 IST" name="f" finished-at="2026-05-24T11:21:17 IST" duration-ms="6760" status="PASS">
          <reporter-output>
          </reporter-output>
        </test-method> <!-- f -->
        <test-method is-config="true" signature="tearDown()[pri:0, instance:testcases.FirstTestcase@433defed]" started-at="2026-05-24T11:21:17 IST" name="tearDown" finished-at="2026-05-24T11:21:17 IST" duration-ms="0" status="PASS">
          <reporter-output>
          </reporter-output>
        </test-method> <!-- tearDown -->
      </class> <!-- testcases.FirstTestcase -->
    </test> <!-- Default test -->
  </suite> <!-- Default suite -->
</testng-results>
