<?xml version="1.0" encoding="UTF-8"?>
<testng-results ignored="0" total="1" passed="1" failed="0" skipped="0">
  <reporter-output>
  </reporter-output>
  <suite started-at="2026-05-23T14:46:56 IST" name="Default suite" finished-at="2026-05-23T14:47:08 IST" duration-ms="12109">
    <groups>
    </groups>
    <test started-at="2026-05-23T14:46:56 IST" name="Default test" finished-at="2026-05-23T14:47:08 IST" duration-ms="12109">
      <class name="testcases.FirstTestcase">
        <test-method is-config="true" signature="setUp()[pri:0, instance:testcases.FirstTestcase@433defed]" started-at="2026-05-23T14:46:56 IST" name="setUp" finished-at="2026-05-23T14:47:02 IST" duration-ms="6018" status="PASS">
          <reporter-output>
          </reporter-output>
        </test-method> <!-- setUp -->
        <test-method signature="f()[pri:0, instance:testcases.FirstTestcase@433defed]" started-at="2026-05-23T14:47:02 IST" name="f" finished-at="2026-05-23T14:47:08 IST" duration-ms="5955" status="PASS">
          <reporter-output>
          </reporter-output>
        </test-method> <!-- f -->
        <test-method is-config="true" signature="tearDown()[pri:0, instance:testcases.FirstTestcase@433defed]" started-at="2026-05-23T14:47:08 IST" name="tearDown" finished-at="2026-05-23T14:47:08 IST" duration-ms="3" status="PASS">
          <reporter-output>
          </reporter-output>
        </test-method> <!-- tearDown -->
      </class> <!-- testcases.FirstTestcase -->
    </test> <!-- Default test -->
  </suite> <!-- Default suite -->
</testng-results>
